<?xml version="1.0" encoding="UTF-8"?>
<!-- Generated by org.testng.reporters.JUnitXMLReporter -->
<testsuite ignored="2" hostname="Shrishaila" failures="1" tests="3" name="Test" time="0.152" errors="0" timestamp="2022-06-02T11:53:41 IST">
  <testcase classname="com.selenium.testng.dependenies.UsageOfDependenyWithGroups" name="g1testCase_02" time="0.02"/>
  <testcase classname="com.selenium.testng.dependenies.UsageOfDependenyWithGroups" name="g1testCase_03" time="0.004"/>
  <testcase classname="com.selenium.testng.dependenies.UsageOfDependenyWithGroups" name="g1testCase_04" time="0.004">
    <failure type="java.lang.ArithmeticException" message="/ by zero">
      <![CDATA[java.lang.ArithmeticException: / by zero
at com.selenium.testng.dependenies.UsageOfDependenyWithGroups.g1testCase_04(UsageOfDependenyWithGroups.java:20)
at java.base/java.util.ArrayList.forEach(ArrayList.java:1511)
... Removed 27 stack frames]]>
    </failure>
  </testcase> <!-- g1testCase_04 -->
  <testcase classname="com.selenium.testng.dependenies.UsageOfDependenyWithGroups" name="dependencyOnGroup" time="0.0">
    <ignored/>
  </testcase> <!-- dependencyOnGroup -->
  <testcase classname="com.selenium.testng.dependenies.UsageOfDependenyWithGroups" name="g1testCase_01" time="0.0">
    <ignored/>
  </testcase> <!-- g1testCase_01 -->
</testsuite> <!-- Test -->
