<?xml version="1.0" encoding="UTF-8"?>
<!-- Generated by org.testng.reporters.JUnitReportReporter -->
<testsuite hostname="Shrishaila" failures="0" tests="4" name="com.selenium.testng.dataprovider.TestWithMultipleTestData" time="93.103" errors="0" timestamp="2022-06-02T12:38:03 IST" skipped="0">
  <testcase classname="com.selenium.testng.dataprovider.TestWithMultipleTestData" name="launchApplication" time="39.441"/>
  <system-out/>
  <testcase classname="com.selenium.testng.dataprovider.TestWithMultipleTestData" name="launchApplication" time="16.700"/>
  <system-out/>
  <testcase classname="com.selenium.testng.dataprovider.TestWithMultipleTestData" name="launchApplication" time="13.526"/>
  <system-out/>
  <testcase classname="com.selenium.testng.dataprovider.TestWithMultipleTestData" name="launchApplication" time="23.436"/>
  <system-out/>
</testsuite> <!-- com.selenium.testng.dataprovider.TestWithMultipleTestData -->
