<?xml version="1.0" encoding="UTF-8"?>
<!-- Generated by org.testng.reporters.JUnitReportReporter -->
<testsuite hostname="Shrishaila" failures="0" tests="4" name="com.selenium.testng.groupexecution.GroupExecution_02" time="0.009" errors="0" timestamp="2022-06-02T11:48:20 IST" skipped="0">
  <testcase classname="com.selenium.testng.groupexecution.GroupExecution_02" name="g2testCase_03" time="0.002"/>
  <system-out/>
  <testcase classname="com.selenium.testng.groupexecution.GroupExecution_02" name="g2testCase_01" time="0.002"/>
  <system-out/>
  <testcase classname="com.selenium.testng.groupexecution.GroupExecution_02" name="g2testCase_04" time="0.003"/>
  <system-out/>
  <testcase classname="com.selenium.testng.groupexecution.GroupExecution_02" name="g2testCase_02" time="0.002"/>
  <system-out/>
</testsuite> <!-- com.selenium.testng.groupexecution.GroupExecution_02 -->
