<?xml version="1.0" encoding="UTF-8"?>
<!-- Generated by org.testng.reporters.JUnitReportReporter -->
<testsuite hostname="Shrishaila" failures="0" tests="4" name="com.selenium.testng.groupexecution.GroupExecution_01" time="0.025" errors="0" timestamp="2022-06-02T11:48:19 IST" skipped="0">
  <testcase classname="com.selenium.testng.groupexecution.GroupExecution_01" name="g1testCase_03" time="0.006"/>
  <system-out/>
  <testcase classname="com.selenium.testng.groupexecution.GroupExecution_01" name="g1testCase_01" time="0.004"/>
  <system-out/>
  <testcase classname="com.selenium.testng.groupexecution.GroupExecution_01" name="g1testCase_02" time="0.004"/>
  <system-out/>
  <testcase classname="com.selenium.testng.groupexecution.GroupExecution_01" name="g1testCase_04" time="0.011"/>
  <system-out/>
</testsuite> <!-- com.selenium.testng.groupexecution.GroupExecution_01 -->
