<?xml version="1.0" encoding="UTF-8"?>
<!-- Generated by org.testng.reporters.JUnitReportReporter -->
<testsuite hostname="Shrishaila" failures="0" tests="3" name="com.selenium.testng.basic.UsageOfIgnoreAnnotation" time="0.025" errors="0" timestamp="2022-06-02T11:10:08 IST" skipped="0">
  <testcase classname="com.selenium.testng.basic.UsageOfIgnoreAnnotation" name="ElephantTest" time="0.021"/>
  <system-out/>
  <testcase classname="com.selenium.testng.basic.UsageOfIgnoreAnnotation" name="RhinoTest" time="0.002"/>
  <system-out/>
  <testcase classname="com.selenium.testng.basic.UsageOfIgnoreAnnotation" name="TigerTest" time="0.002"/>
  <system-out/>
</testsuite> <!-- com.selenium.testng.basic.UsageOfIgnoreAnnotation -->
