<?xml version="1.0" encoding="UTF-8"?>
<!-- Generated by org.testng.reporters.JUnitReportReporter -->
<testsuite hostname="Shrishaila" failures="0" tests="2" name="com.selenium.testng.basic.ForestKingTest" time="0.019" errors="0" timestamp="2022-07-15T11:37:31 IST" skipped="0">
  <testcase classname="com.selenium.testng.basic.ForestKingTest" name="tigerTest" time="0.003"/>
  <system-out/>
  <testcase classname="com.selenium.testng.basic.ForestKingTest" name="elephantTest" time="0.016"/>
  <system-out/>
</testsuite> <!-- com.selenium.testng.basic.ForestKingTest -->
