<?xml version="1.0" encoding="UTF-8"?>
<!-- Generated by org.testng.reporters.JUnitReportReporter -->
<testsuite hostname="Shrishaila" failures="0" tests="3" name="com.selenium.testng.WebelementTesting" time="46.353" errors="0" timestamp="2022-05-28T21:58:59 IST" skipped="0">
  <testcase classname="com.selenium.testng.WebelementTesting" name="checkboxTest" time="37.022"/>
  <system-out/>
  <testcase classname="com.selenium.testng.WebelementTesting" name="linkTest" time="6.533"/>
  <system-out/>
  <testcase classname="com.selenium.testng.WebelementTesting" name="partiallinkTest" time="2.798"/>
  <system-out/>
</testsuite> <!-- com.selenium.testng.WebelementTesting -->
