<?xml version="1.0" encoding="UTF-8"?>
<!-- Generated by org.testng.reporters.JUnitReportReporter -->
<testsuite hostname="Shrishaila" failures="0" tests="3" name="com.selenium.testng.basic.AnnotationWithPriority" time="60.139" errors="0" timestamp="2022-07-15T21:32:26 IST" skipped="0">
  <testcase classname="com.selenium.testng.basic.AnnotationWithPriority" name="loginswaglab" time="31.298"/>
  <system-out/>
  <testcase classname="com.selenium.testng.basic.AnnotationWithPriority" name="logoutswaglab" time="4.937"/>
  <system-out/>
  <testcase classname="com.selenium.testng.basic.AnnotationWithPriority" name="loginactitime" time="23.904"/>
  <system-out/>
</testsuite> <!-- com.selenium.testng.basic.AnnotationWithPriority -->
