<?xml version="1.0" encoding="UTF-8"?>
<!-- Generated by org.testng.reporters.JUnitReportReporter -->
<testsuite hostname="Shrishaila" failures="0" tests="4" name="com.selenium.testng.dataprovider.DataProviderWithoutMentioningName" time="37.951" errors="0" timestamp="2022-06-02T12:44:46 IST" skipped="0">
  <testcase classname="com.selenium.testng.dataprovider.DataProviderWithoutMentioningName" name="launchApplication" time="4.922"/>
  <system-out/>
  <testcase classname="com.selenium.testng.dataprovider.DataProviderWithoutMentioningName" name="launchApplication" time="10.184"/>
  <system-out/>
  <testcase classname="com.selenium.testng.dataprovider.DataProviderWithoutMentioningName" name="launchApplication" time="12.503"/>
  <system-out/>
  <testcase classname="com.selenium.testng.dataprovider.DataProviderWithoutMentioningName" name="launchApplication" time="10.342"/>
  <system-out/>
</testsuite> <!-- com.selenium.testng.dataprovider.DataProviderWithoutMentioningName -->
