<?xml version="1.0" encoding="UTF-8"?>
<!-- Generated by org.testng.reporters.JUnitReportReporter -->
<testsuite hostname="Shrishaila" failures="0" tests="2" name="com.selenium.testng.InvocationCount" time="0.025" errors="0" timestamp="2022-05-31T20:01:00 IST" skipped="0">
  <testcase classname="com.selenium.testng.InvocationCount" name="lionTest" time="0.023"/>
  <system-out/>
  <testcase classname="com.selenium.testng.InvocationCount" name="lionTest" time="0.002"/>
  <system-out/>
</testsuite> <!-- com.selenium.testng.InvocationCount -->
