<?xml version="1.0" encoding="UTF-8"?>
<!-- Generated by org.testng.reporters.JUnitReportReporter -->
<testsuite hostname="Shrishaila" failures="0" tests="8" name="com.selenium.testng.basic.ForestKingTest1" time="0.029" errors="0" timestamp="2022-07-15T11:43:49 IST" skipped="0">
  <testcase classname="com.selenium.testng.basic.ForestKingTest1" name="RabbitTest" time="0.001"/>
  <system-out/>
  <testcase classname="com.selenium.testng.basic.ForestKingTest1" name="BlackPantherTest" time="0.016"/>
  <system-out/>
  <testcase classname="com.selenium.testng.basic.ForestKingTest1" name="LionTest" time="0.002"/>
  <system-out/>
  <testcase classname="com.selenium.testng.basic.ForestKingTest1" name="MonkeyTest" time="0.002"/>
  <system-out/>
  <testcase classname="com.selenium.testng.basic.ForestKingTest1" name="RhinoTest" time="0.001"/>
  <system-out/>
  <testcase classname="com.selenium.testng.basic.ForestKingTest1" name="TigerTest" time="0.001"/>
  <system-out/>
  <testcase classname="com.selenium.testng.basic.ForestKingTest1" name="ElephantTest" time="0.003"/>
  <system-out/>
  <testcase classname="com.selenium.testng.basic.ForestKingTest1" name="PandaTest" time="0.003"/>
  <system-out/>
</testsuite> <!-- com.selenium.testng.basic.ForestKingTest1 -->
