<?xml version="1.0" encoding="UTF-8"?>
<!-- Generated by org.testng.reporters.JUnitReportReporter -->
<testsuite hostname="Shrishaila" failures="0" tests="3" name="com.selenium.testng.AnnotationWithPriority" time="29.179" errors="0" timestamp="2022-05-27T23:28:02 IST" skipped="0">
  <testcase classname="com.selenium.testng.AnnotationWithPriority" name="loginswaglab" time="2.305"/>
  <system-out/>
  <testcase classname="com.selenium.testng.AnnotationWithPriority" name="logoutswaglab" time="0.433"/>
  <system-out/>
  <testcase classname="com.selenium.testng.AnnotationWithPriority" name="loginactitime" time="26.441"/>
  <system-out/>
</testsuite> <!-- com.selenium.testng.AnnotationWithPriority -->
