<?xml version="1.0" encoding="UTF-8"?>
<!-- Generated by org.testng.reporters.JUnitReportReporter -->
<testsuite hostname="Shrishaila" failures="0" tests="2" name="com.selenium.testng.ForestKingTest" time="0.021" errors="0" timestamp="2022-05-27T21:33:06 IST" skipped="0">
  <testcase classname="com.selenium.testng.ForestKingTest" name="elephantTest" time="0.017"/>
  <system-out/>
  <testcase classname="com.selenium.testng.ForestKingTest" name="tigerTest" time="0.004"/>
  <system-out/>
</testsuite> <!-- com.selenium.testng.ForestKingTest -->
