<?xml version="1.0" encoding="UTF-8"?>
<!-- Generated by org.testng.reporters.JUnitReportReporter -->
<testsuite hostname="Shrishaila" failures="0" tests="1" name="com.selenium.testng.parameters.UsingParametersWithTestNG" time="59.530" errors="0" timestamp="2022-06-02T10:23:03 IST" skipped="0">
  <testcase classname="com.selenium.testng.parameters.UsingParametersWithTestNG" name="launchApplication" time="59.530"/>
  <system-out/>
</testsuite> <!-- com.selenium.testng.parameters.UsingParametersWithTestNG -->
