<?xml version="1.0" encoding="UTF-8"?>
<!-- Generated by org.testng.reporters.JUnitReportReporter -->
<testsuite hostname="Shrishaila" failures="0" tests="4" name="com.selenium.testng.dataprovider.DataProviderWithSeperateClass" time="45.351" errors="0" timestamp="2022-06-02T13:00:08 IST" skipped="0">
  <testcase classname="com.selenium.testng.dataprovider.DataProviderWithSeperateClass" name="launchApplication" time="14.084"/>
  <system-out/>
  <testcase classname="com.selenium.testng.dataprovider.DataProviderWithSeperateClass" name="launchApplication" time="10.559"/>
  <system-out/>
  <testcase classname="com.selenium.testng.dataprovider.DataProviderWithSeperateClass" name="launchApplication" time="9.773"/>
  <system-out/>
  <testcase classname="com.selenium.testng.dataprovider.DataProviderWithSeperateClass" name="launchApplication" time="10.935"/>
  <system-out/>
</testsuite> <!-- com.selenium.testng.dataprovider.DataProviderWithSeperateClass -->
