<?xml version="1.0" encoding="UTF-8"?>
<!-- Generated by org.testng.reporters.JUnitReportReporter -->
<testsuite hostname="Shrishaila" failures="0" tests="2" name="com.selenium.testng.crossbrowsertesting.SwagLabCrossBrowserTesting" time="113.632" errors="0" timestamp="2022-06-02T10:44:00 IST" skipped="0">
  <testcase classname="com.selenium.testng.crossbrowsertesting.SwagLabCrossBrowserTesting" name="launchApplication" time="41.422"/>
  <system-out/>
  <testcase classname="com.selenium.testng.crossbrowsertesting.SwagLabCrossBrowserTesting" name="launchApplication" time="72.210"/>
  <system-out/>
</testsuite> <!-- com.selenium.testng.crossbrowsertesting.SwagLabCrossBrowserTesting -->
